SF:lib/model/todo_model.dart
DA:22,5
LF:1
LH:1
end_of_record
SF:lib/pages/home_page.dart
DA:24,2
DA:25,2
DA:37,2
DA:39,2
DA:40,2
DA:42,2
DA:43,2
DA:44,2
DA:45,2
DA:46,2
DA:50,2
DA:51,2
DA:52,2
DA:57,2
DA:58,2
DA:59,2
DA:60,2
DA:62,2
DA:64,2
DA:65,2
DA:66,2
DA:72,2
DA:73,2
DA:78,2
DA:83,2
DA:88,2
DA:93,2
DA:99,1
DA:100,2
DA:101,1
DA:107,2
DA:108,4
DA:114,2
DA:118,2
DA:122,2
DA:127,2
LF:36
LH:36
end_of_record
SF:lib/storage/storage.dart
DA:23,15
DA:26,11
DA:29,4
DA:32,4
DA:35,4
DA:41,5
DA:42,10
DA:43,18
DA:45,5
DA:52,1
DA:53,1
DA:54,1
DA:55,2
DA:56,1
DA:57,1
DA:58,2
DA:59,1
DA:65,0
DA:66,0
DA:67,0
DA:68,0
DA:69,0
DA:70,0
DA:71,0
DA:77,0
DA:78,0
DA:79,0
DA:80,0
DA:81,0
DA:82,0
DA:83,0
DA:89,0
DA:90,0
DA:91,0
DA:92,0
DA:93,0
DA:94,0
DA:95,0
DA:101,0
DA:102,0
DA:103,0
DA:104,0
DA:105,0
DA:106,0
DA:112,0
DA:113,0
DA:114,0
DA:115,0
DA:121,0
DA:122,0
DA:123,0
DA:129,0
DA:130,0
DA:131,0
DA:132,0
DA:133,0
LF:56
LH:17
end_of_record
SF:lib/widget/todo_completed_list_widget.dart
DA:21,1
DA:23,1
DA:25,1
DA:28,1
DA:30,1
DA:34,0
DA:37,0
DA:38,0
DA:39,0
LF:9
LH:5
end_of_record
SF:lib/widget/todo_form_inputs_widget.dart
DA:38,4
DA:59,4
DA:60,4
DA:61,4
DA:62,4
DA:64,4
DA:65,4
DA:66,4
DA:67,4
DA:68,4
DA:69,4
DA:70,4
DA:71,4
DA:82,8
DA:84,4
DA:86,4
DA:89,4
DA:92,4
DA:94,4
DA:104,8
DA:106,4
DA:108,4
DA:111,4
DA:114,4
DA:116,4
DA:124,8
DA:125,4
DA:126,4
DA:127,2
DA:128,4
DA:129,4
DA:140,8
DA:141,4
DA:142,4
DA:143,4
DA:144,4
DA:145,4
DA:158,8
DA:160,4
DA:162,4
DA:165,4
DA:169,4
DA:171,4
LF:43
LH:43
end_of_record
SF:lib/widget/todo_card_structure_widget.dart
DA:18,1
DA:19,1
DA:45,1
DA:46,1
DA:48,1
DA:49,1
DA:52,1
DA:54,1
DA:56,1
DA:59,1
DA:67,1
DA:69,1
DA:72,1
DA:79,1
DA:81,1
DA:82,1
DA:83,1
DA:84,1
DA:87,1
DA:90,1
DA:91,1
DA:92,0
DA:93,0
DA:94,0
DA:98,3
DA:99,1
DA:101,1
DA:103,1
DA:108,1
DA:110,1
DA:113,1
DA:150,1
DA:153,1
DA:154,0
DA:155,0
DA:156,0
DA:158,1
DA:176,0
DA:178,0
DA:179,0
DA:180,0
DA:183,0
DA:184,0
DA:186,0
DA:190,0
DA:191,0
DA:192,0
DA:194,0
LF:48
LH:31
end_of_record
SF:lib/widget/todo_has_relation_list_widget.dart
DA:22,1
DA:24,1
DA:26,1
DA:29,1
DA:31,1
DA:35,0
DA:38,0
DA:39,0
DA:40,0
LF:9
LH:5
end_of_record
SF:lib/widget/todo_inprogress_list_widget.dart
DA:19,1
DA:21,1
DA:23,1
DA:25,1
DA:27,1
DA:31,0
DA:34,0
DA:35,0
DA:36,0
LF:9
LH:5
end_of_record
SF:lib/widget/todo_open_list_widget.dart
DA:21,2
DA:23,2
DA:25,2
DA:28,2
DA:30,2
DA:34,2
DA:37,1
DA:38,1
DA:39,1
LF:9
LH:9
end_of_record
SF:lib/main.dart
DA:15,0
DA:16,0
DA:25,2
DA:26,2
DA:27,4
DA:28,2
DA:29,2
DA:32,2
DA:34,2
LF:9
LH:7
end_of_record
SF:lib/widget/todo_ui_homepage_layout_widget.dart
DA:22,4
DA:24,4
DA:26,4
DA:29,6
DA:30,2
DA:32,2
DA:36,3
DA:38,3
DA:42,4
DA:45,3
DA:46,3
DA:47,3
LF:12
LH:12
end_of_record
SF:lib/widget/todo_ui_individual_task_card_display_widget.dart
DA:26,3
DA:39,3
DA:40,3
DA:42,3
DA:43,9
DA:46,3
DA:50,3
DA:51,3
DA:57,3
DA:60,3
DA:62,3
DA:63,0
DA:64,0
DA:73,3
DA:74,0
DA:75,0
DA:86,3
DA:91,3
DA:94,3
DA:97,3
DA:98,0
DA:99,0
DA:108,3
DA:109,0
DA:110,0
DA:119,3
DA:120,0
DA:121,0
DA:139,6
DA:141,3
DA:142,0
DA:143,3
DA:146,3
DA:147,3
DA:148,3
DA:151,3
DA:152,3
DA:154,3
DA:155,6
DA:156,3
DA:158,6
DA:172,0
DA:173,0
DA:179,0
DA:180,0
DA:181,0
DA:187,0
DA:188,0
DA:194,0
DA:195,0
DA:196,0
DA:202,0
DA:203,0
DA:204,0
DA:210,0
DA:211,0
DA:212,0
LF:57
LH:30
end_of_record
SF:lib/pages/display_todo_content_page.dart
DA:26,1
DA:33,1
DA:34,2
DA:43,1
DA:49,1
DA:51,1
DA:52,1
DA:53,1
DA:55,1
DA:80,1
DA:82,1
DA:83,1
DA:84,1
DA:85,1
DA:86,1
DA:88,1
DA:89,1
DA:91,1
DA:94,1
DA:95,3
DA:96,1
DA:98,2
DA:103,1
DA:104,1
DA:105,1
DA:106,3
DA:107,1
DA:115,1
DA:116,1
DA:117,1
DA:118,4
DA:119,1
DA:126,1
DA:127,1
DA:128,1
DA:129,4
DA:130,1
DA:137,3
DA:138,0
DA:139,0
DA:140,0
DA:141,0
DA:142,0
DA:150,2
DA:151,0
DA:152,0
DA:153,0
DA:154,0
DA:155,0
DA:163,2
DA:164,0
DA:165,0
DA:168,0
DA:172,2
DA:173,0
DA:174,0
DA:177,0
DA:184,3
DA:185,1
DA:186,1
DA:187,1
DA:188,3
DA:189,1
DA:208,1
DA:209,1
DA:210,2
DA:212,2
DA:213,2
DA:214,0
DA:223,0
DA:224,0
DA:225,0
DA:227,0
DA:228,0
DA:232,0
DA:238,0
DA:239,0
DA:245,0
DA:246,0
DA:247,0
DA:250,0
LF:81
LH:52
end_of_record
SF:lib/widget/todo_adding_additional_relations_widget.dart
DA:16,0
DA:17,0
DA:29,0
DA:30,0
DA:31,0
DA:32,0
DA:34,0
DA:36,0
DA:38,0
DA:41,0
DA:49,0
DA:51,0
DA:54,0
DA:61,0
DA:63,0
DA:64,0
DA:65,0
DA:66,0
DA:69,0
DA:72,0
DA:73,0
DA:74,0
DA:75,0
DA:76,0
DA:80,0
DA:81,0
DA:83,0
DA:85,0
DA:90,0
DA:92,0
DA:95,0
DA:103,0
DA:104,0
DA:105,0
DA:106,0
LF:35
LH:0
end_of_record
SF:lib/pages/update_todo_page.dart
DA:25,2
DA:29,2
DA:30,2
DA:46,2
DA:51,8
DA:52,8
DA:53,8
DA:54,8
DA:55,8
DA:56,2
DA:59,2
DA:64,2
DA:65,2
DA:66,2
DA:69,2
DA:71,2
DA:72,2
DA:74,2
DA:75,6
DA:77,2
DA:84,2
DA:87,2
DA:94,2
DA:96,2
DA:97,2
DA:98,2
DA:99,2
DA:102,2
DA:105,2
DA:106,2
DA:107,0
DA:108,0
DA:109,0
DA:113,6
DA:114,2
DA:116,2
DA:118,2
DA:124,2
DA:126,4
DA:127,1
DA:130,1
DA:137,6
DA:138,1
DA:141,1
DA:150,2
DA:152,2
DA:153,2
DA:154,2
DA:155,2
DA:156,2
DA:157,0
DA:158,0
DA:159,0
DA:163,2
DA:165,2
DA:171,2
DA:179,0
DA:180,0
DA:181,0
DA:183,0
DA:189,2
DA:190,2
DA:191,2
DA:193,4
DA:194,4
DA:195,2
LF:66
LH:56
end_of_record
SF:lib/widget/todo_related_to_form_widget.dart
DA:28,0
DA:34,0
DA:35,0
DA:36,0
DA:37,0
DA:39,0
DA:40,0
DA:41,0
DA:42,0
DA:51,0
DA:52,0
DA:53,0
DA:54,0
DA:55,0
DA:56,0
DA:69,0
DA:71,0
DA:73,0
DA:76,0
DA:80,0
DA:82,0
DA:90,0
DA:91,0
DA:92,0
DA:93,0
DA:94,0
DA:95,0
LF:27
LH:0
end_of_record
